This file contains any messages produced by compilers while
running configure, to aid debugging if configure makes a mistake.

It was created by Tktable configure 2.10, which was
generated by GNU Autoconf 2.59.  Invocation command line was

  $ ./configure 

## --------- ##
## Platform. ##
## --------- ##

hostname = MSI
uname -m = x86_64
uname -r = 3.0.1(0.338/5/3)
uname -s = CYGWIN_NT-10.0
uname -v = 2019-02-20 10:19

/usr/bin/uname -p = unknown
/bin/uname -X     = unknown

/bin/arch              = x86_64
/usr/bin/arch -k       = unknown
/usr/convex/getsysinfo = unknown
hostinfo               = unknown
/bin/machine           = unknown
/usr/bin/oslevel       = unknown
/bin/universe          = unknown

PATH: /usr/local/bin
PATH: /usr/bin
PATH: /cygdrive/c/ActiveTcl/bin
PATH: /cygdrive/h/java/jre 1.8.0~101/jre/bin
PATH: /cygdrive/c/ProgramData/Oracle/Java/javapath
PATH: /cygdrive/c/Program Files (x86)/Intel/iCLS Client
PATH: /cygdrive/c/Program Files/Intel/iCLS Client
PATH: /cygdrive/c/Windows/system32
PATH: /cygdrive/c/Windows
PATH: /cygdrive/c/Windows/System32/Wbem
PATH: /cygdrive/c/Windows/System32/WindowsPowerShell/v1.0
PATH: /cygdrive/c/Program Files (x86)/NVIDIA Corporation/PhysX/Common
PATH: /cygdrive/c/Program Files (x86)/Intel/Intel(R) Management Engine Components/DAL
PATH: /cygdrive/c/Program Files/Intel/Intel(R) Management Engine Components/DAL
PATH: /cygdrive/c/Program Files (x86)/Intel/Intel(R) Management Engine Components/IPT
PATH: /cygdrive/c/Program Files/Intel/Intel(R) Management Engine Components/IPT
PATH: /cygdrive/c/Program Files/Intel/WiFi/bin
PATH: /cygdrive/c/Program Files/Common Files/Intel/WirelessCommon
PATH: /cygdrive/c/Program Files (x86)/MySQL/MySQL Fabric 1.5 & MySQL Utilities 1.5/Doctrine extensions for PHP/H
PATH: /java/jre 1.8.0~101/bin/C
PATH: /Program Files/MySQL/MySQL Server 5.7/bin
PATH: /cygdrive/c/Program Files/MySQL/MySQL Server 5.7/bin
PATH: /cygdrive/h/MYSQL/new mysql/bin
PATH: /cygdrive/c/WINDOWS/system32
PATH: /cygdrive/c/WINDOWS
PATH: /cygdrive/c/WINDOWS/System32/Wbem
PATH: /cygdrive/c/WINDOWS/System32/WindowsPowerShell/v1.0
PATH: /cygdrive/h/java/marven/apache-maven-3.5.2/bin
PATH: /cygdrive/h/git/Git/cmd
PATH: /cygdrive/h/oracle/instantclient_11_2
PATH: /cygdrive/h/node/yarn/bin
PATH: /cygdrive/h/node/nodejs
PATH: /cygdrive/c/Program Files/TortoiseGit/bin
PATH: /cygdrive/h/go/bin
PATH: /cygdrive/c/WINDOWS/System32/OpenSSH
PATH: /cygdrive/h/java/doxygen/doxygen/bin
PATH: /usr/bin
PATH: /cygdrive/c/Users/49206/AppData/Local/Programs/Python/Python36
PATH: /cygdrive/c/Users/49206/AppData/Local/Programs/Python/Python36/Scripts
PATH: /cygdrive/c/Users/49206/AppData/Local/Programs/Python/Python36
PATH: /cygdrive/h/tcl/bin
PATH: /cygdrive/h/python/Scripts
PATH: /cygdrive/h/python
PATH: /cygdrive/c/Users/49206/AppData/Local/Microsoft/WindowsApps
PATH: /cygdrive/h/java/marven/apache-maven-3.5.2/bin
PATH: /cygdrive/c/Users/49206/AppData/Local/Yarn/bin
PATH: /cygdrive/c/Users/49206/AppData/Roaming/npm
PATH: /cygdrive/h/vs-code/Microsoft VS Code/bin
PATH: /cygdrive/c/Users/49206/go/bin
PATH: /cygdrive/c/ActiveTcl/bin
PATH: /cygdrive/h/java/jre 1.8.0~101/jre/bin
PATH: /cygdrive/c/ProgramData/Oracle/Java/javapath
PATH: /cygdrive/c/Program Files (x86)/Intel/iCLS Client
PATH: /cygdrive/c/Program Files/Intel/iCLS Client
PATH: /cygdrive/c/Windows/system32
PATH: /cygdrive/c/Windows
PATH: /cygdrive/c/Windows/System32/Wbem
PATH: /cygdrive/c/Windows/System32/WindowsPowerShell/v1.0
PATH: /cygdrive/c/Program Files (x86)/NVIDIA Corporation/PhysX/Common
PATH: /cygdrive/c/Program Files (x86)/Intel/Intel(R) Management Engine Components/DAL
PATH: /cygdrive/c/Program Files/Intel/Intel(R) Management Engine Components/DAL
PATH: /cygdrive/c/Program Files (x86)/Intel/Intel(R) Management Engine Components/IPT
PATH: /cygdrive/c/Program Files/Intel/Intel(R) Management Engine Components/IPT
PATH: /cygdrive/c/Program Files/Intel/WiFi/bin
PATH: /cygdrive/c/Program Files/Common Files/Intel/WirelessCommon
PATH: /cygdrive/c/Program Files (x86)/MySQL/MySQL Fabric 1.5 & MySQL Utilities 1.5/Doctrine extensions for PHP/H
PATH: /java/jre 1.8.0~101/bin/C
PATH: /Program Files/MySQL/MySQL Server 5.7/bin
PATH: /cygdrive/c/Program Files/MySQL/MySQL Server 5.7/bin
PATH: /cygdrive/h/MYSQL/new mysql/bin
PATH: /cygdrive/c/WINDOWS/system32
PATH: /cygdrive/c/WINDOWS
PATH: /cygdrive/c/WINDOWS/System32/Wbem
PATH: /cygdrive/c/WINDOWS/System32/WindowsPowerShell/v1.0
PATH: /cygdrive/h/java/marven/apache-maven-3.5.2/bin
PATH: /cygdrive/h/git/Git/cmd
PATH: /cygdrive/h/oracle/instantclient_11_2
PATH: /cygdrive/h/node/yarn/bin
PATH: /cygdrive/h/node/nodejs
PATH: /cygdrive/c/Program Files/TortoiseGit/bin
PATH: /cygdrive/h/go/bin
PATH: /cygdrive/c/WINDOWS/System32/OpenSSH
PATH: /cygdrive/h/java/doxygen/doxygen/bin
PATH: /usr/bin
PATH: /cygdrive/c/Users/49206/AppData/Local/Programs/Python/Python36


## ----------- ##
## Core tests. ##
## ----------- ##

configure:1338: checking for correct TEA configuration
configure:1357: result: ok (TEA 3.7)
configure:1364: checking for cygpath
configure:1380: found /usr/bin/cygpath
configure:1391: result: cygpath -w
configure:1483: checking for Tcl configuration
configure:1599: result: found /usr/lib/tclConfig.sh
configure:1605: checking for existence of /usr/lib/tclConfig.sh
configure:1609: result: loading
configure:1700: checking for Tk configuration
configure:1816: result: found /usr/lib/tkConfig.sh
configure:1822: checking for existence of /usr/lib/tkConfig.sh
configure:1826: result: loading
configure:1922: --prefix defaulting to TCL_PREFIX /usr
configure:1934: --exec-prefix defaulting to TCL_EXEC_PREFIX /usr
configure:2008: checking for gcc
configure:2024: found /usr/bin/gcc
configure:2034: result: gcc
configure:2278: checking for C compiler version
configure:2281: gcc --version </dev/null >&5
gcc (GCC) 7.4.0
Copyright (C) 2017 Free Software Foundation, Inc.
This is free software; see the source for copying conditions.  There is NO
warranty; not even for MERCHANTABILITY or FITNESS FOR A PARTICULAR PURPOSE.

configure:2284: $? = 0
configure:2286: gcc -v </dev/null >&5
Using built-in specs.
COLLECT_GCC=gcc
COLLECT_LTO_WRAPPER=/usr/lib/gcc/x86_64-pc-cygwin/7.4.0/lto-wrapper.exe
Target: x86_64-pc-cygwin
Configured with: /cygdrive/i/szsz/tmpp/gcc/gcc-7.4.0-1.x86_64/src/gcc-7.4.0/configure --srcdir=/cygdrive/i/szsz/tmpp/gcc/gcc-7.4.0-1.x86_64/src/gcc-7.4.0 --prefix=/usr --exec-prefix=/usr --localstatedir=/var --sysconfdir=/etc --docdir=/usr/share/doc/gcc --htmldir=/usr/share/doc/gcc/html -C --build=x86_64-pc-cygwin --host=x86_64-pc-cygwin --target=x86_64-pc-cygwin --without-libiconv-prefix --without-libintl-prefix --libexecdir=/usr/lib --enable-shared --enable-shared-libgcc --enable-static --enable-version-specific-runtime-libs --enable-bootstrap --enable-__cxa_atexit --with-dwarf2 --with-tune=generic --enable-languages=ada,c,c++,fortran,lto,objc,obj-c++ --enable-graphite --enable-threads=posix --enable-libatomic --enable-libcilkrts --enable-libgomp --enable-libitm --enable-libquadmath --enable-libquadmath-support --disable-libssp --enable-libada --disable-symvers --with-gnu-ld --with-gnu-as --with-cloog-include=/usr/include/cloog-isl --without-libiconv-prefix --without-libintl-prefix --with-system-zlib --enable-linker-build-id --with-default-libstdcxx-abi=gcc4-compatible --enable-libstdcxx-filesystem-ts
Thread model: posix
gcc version 7.4.0 (GCC) 
configure:2289: $? = 0
configure:2291: gcc -V </dev/null >&5
gcc: error: unrecognized command line option '-V'
gcc: fatal error: no input files
compilation terminated.
configure:2294: $? = 1
configure:2317: checking for C compiler default output file name
configure:2320: gcc    conftest.c  >&5
configure:2323: $? = 0
configure:2369: result: a.exe
configure:2374: checking whether the C compiler works
configure:2380: ./a.exe
configure:2383: $? = 0
configure:2400: result: yes
configure:2407: checking whether we are cross compiling
configure:2409: result: no
configure:2412: checking for suffix of executables
configure:2414: gcc -o conftest.exe    conftest.c  >&5
configure:2417: $? = 0
configure:2442: result: .exe
configure:2448: checking for suffix of object files
configure:2469: gcc -c   conftest.c >&5
configure:2472: $? = 0
configure:2494: result: o
configure:2498: checking whether we are using the GNU C compiler
configure:2522: gcc -c   conftest.c >&5
configure:2528: $? = 0
configure:2532: test -z 
			 || test ! -s conftest.err
configure:2535: $? = 0
configure:2538: test -s conftest.o
configure:2541: $? = 0
configure:2554: result: yes
configure:2560: checking whether gcc accepts -g
configure:2581: gcc -c -g  conftest.c >&5
configure:2587: $? = 0
configure:2591: test -z 
			 || test ! -s conftest.err
configure:2594: $? = 0
configure:2597: test -s conftest.o
configure:2600: $? = 0
configure:2611: result: yes
configure:2628: checking for gcc option to accept ANSI C
configure:2698: gcc  -c   conftest.c >&5
configure:2704: $? = 0
configure:2708: test -z 
			 || test ! -s conftest.err
configure:2711: $? = 0
configure:2714: test -s conftest.o
configure:2717: $? = 0
configure:2735: result: none needed
configure:2753: gcc -c   conftest.c >&5
conftest.c:2:3: error: unknown type name 'choke'
   choke me
   ^~~~~
conftest.c:2:3: error: expected '=', ',', ';', 'asm' or '__attribute__' at end of input
configure:2759: $? = 1
configure: failed program was:
| #ifndef __cplusplus
|   choke me
| #endif
configure:2897: checking how to run the C preprocessor
configure:2932: gcc -E  conftest.c
configure:2938: $? = 0
configure:2970: gcc -E  conftest.c
conftest.c:9:10: fatal error: ac_nonexistent.h: No such file or directory
 #include <ac_nonexistent.h>
          ^~~~~~~~~~~~~~~~~~
compilation terminated.
configure:2976: $? = 1
configure: failed program was:
| /* confdefs.h.  */
| 
| #define PACKAGE_NAME "Tktable"
| #define PACKAGE_TARNAME "tktable"
| #define PACKAGE_VERSION "2.10"
| #define PACKAGE_STRING "Tktable 2.10"
| #define PACKAGE_BUGREPORT ""
| /* end confdefs.h.  */
| #include <ac_nonexistent.h>
configure:3015: result: gcc -E
configure:3039: gcc -E  conftest.c
configure:3045: $? = 0
configure:3077: gcc -E  conftest.c
conftest.c:9:10: fatal error: ac_nonexistent.h: No such file or directory
 #include <ac_nonexistent.h>
          ^~~~~~~~~~~~~~~~~~
compilation terminated.
configure:3083: $? = 1
configure: failed program was:
| /* confdefs.h.  */
| 
| #define PACKAGE_NAME "Tktable"
| #define PACKAGE_TARNAME "tktable"
| #define PACKAGE_VERSION "2.10"
| #define PACKAGE_STRING "Tktable 2.10"
| #define PACKAGE_BUGREPORT ""
| /* end confdefs.h.  */
| #include <ac_nonexistent.h>
configure:3140: checking for a BSD-compatible install
configure:3195: result: /usr/bin/install -c
configure:3211: checking whether make sets $(MAKE)
configure:3231: result: yes
configure:3286: checking for ranlib
configure:3302: found /usr/bin/ranlib
configure:3313: result: ranlib
configure:3335: checking for egrep
configure:3345: result: grep -E
configure:3350: checking for ANSI C header files
configure:3375: gcc -c   conftest.c >&5
configure:3381: $? = 0
configure:3385: test -z 
			 || test ! -s conftest.err
configure:3388: $? = 0
configure:3391: test -s conftest.o
configure:3394: $? = 0
configure:3483: gcc -o conftest.exe    conftest.c  >&5
conftest.c: In function 'main':
conftest.c:26:7: warning: implicit declaration of function 'exit' [-Wimplicit-function-declaration]
       exit(2);
       ^~~~
conftest.c:26:7: warning: incompatible implicit declaration of built-in function 'exit'
conftest.c:26:7: note: include '<stdlib.h>' or provide a declaration of 'exit'
conftest.c:27:3: warning: incompatible implicit declaration of built-in function 'exit'
   exit (0);
   ^~~~
conftest.c:27:3: note: include '<stdlib.h>' or provide a declaration of 'exit'
configure:3486: $? = 0
configure:3488: ./conftest.exe
configure:3491: $? = 0
configure:3506: result: yes
configure:3530: checking for sys/types.h
configure:3546: gcc -c   conftest.c >&5
configure:3552: $? = 0
configure:3556: test -z 
			 || test ! -s conftest.err
configure:3559: $? = 0
configure:3562: test -s conftest.o
configure:3565: $? = 0
configure:3576: result: yes
configure:3530: checking for sys/stat.h
configure:3546: gcc -c   conftest.c >&5
configure:3552: $? = 0
configure:3556: test -z 
			 || test ! -s conftest.err
configure:3559: $? = 0
configure:3562: test -s conftest.o
configure:3565: $? = 0
configure:3576: result: yes
configure:3530: checking for stdlib.h
configure:3546: gcc -c   conftest.c >&5
configure:3552: $? = 0
configure:3556: test -z 
			 || test ! -s conftest.err
configure:3559: $? = 0
configure:3562: test -s conftest.o
configure:3565: $? = 0
configure:3576: result: yes
configure:3530: checking for string.h
configure:3546: gcc -c   conftest.c >&5
configure:3552: $? = 0
configure:3556: test -z 
			 || test ! -s conftest.err
configure:3559: $? = 0
configure:3562: test -s conftest.o
configure:3565: $? = 0
configure:3576: result: yes
configure:3530: checking for memory.h
configure:3546: gcc -c   conftest.c >&5
configure:3552: $? = 0
configure:3556: test -z 
			 || test ! -s conftest.err
configure:3559: $? = 0
configure:3562: test -s conftest.o
configure:3565: $? = 0
configure:3576: result: yes
configure:3530: checking for strings.h
configure:3546: gcc -c   conftest.c >&5
configure:3552: $? = 0
configure:3556: test -z 
			 || test ! -s conftest.err
configure:3559: $? = 0
configure:3562: test -s conftest.o
configure:3565: $? = 0
configure:3576: result: yes
configure:3530: checking for inttypes.h
configure:3546: gcc -c   conftest.c >&5
configure:3552: $? = 0
configure:3556: test -z 
			 || test ! -s conftest.err
configure:3559: $? = 0
configure:3562: test -s conftest.o
configure:3565: $? = 0
configure:3576: result: yes
configure:3530: checking for stdint.h
configure:3546: gcc -c   conftest.c >&5
configure:3552: $? = 0
configure:3556: test -z 
			 || test ! -s conftest.err
configure:3559: $? = 0
configure:3562: test -s conftest.o
configure:3565: $? = 0
configure:3576: result: yes
configure:3530: checking for unistd.h
configure:3546: gcc -c   conftest.c >&5
configure:3552: $? = 0
configure:3556: test -z 
			 || test ! -s conftest.err
configure:3559: $? = 0
configure:3562: test -s conftest.o
configure:3565: $? = 0
configure:3576: result: yes
configure:3598: checking if the compiler understands -pipe
configure:3621: gcc -c  -pipe  conftest.c >&5
configure:3627: $? = 0
configure:3631: test -z 
			 || test ! -s conftest.err
configure:3634: $? = 0
configure:3637: test -s conftest.o
configure:3640: $? = 0
configure:3652: result: yes
configure:3663: checking whether byte ordering is bigendian
configure:3690: gcc -c  -pipe  conftest.c >&5
configure:3696: $? = 0
configure:3700: test -z 
			 || test ! -s conftest.err
configure:3703: $? = 0
configure:3706: test -s conftest.o
configure:3709: $? = 0
configure:3733: gcc -c  -pipe  conftest.c >&5
conftest.c: In function 'main':
conftest.c:26:2: error: unknown type name 'not'; did you mean 'ino_t'?
  not big endian
  ^~~
  ino_t
conftest.c:26:10: error: expected '=', ',', ';', 'asm' or '__attribute__' before 'endian'
  not big endian
          ^~~~~~
configure:3739: $? = 1
configure: failed program was:
| /* confdefs.h.  */
| 
| #define PACKAGE_NAME "Tktable"
| #define PACKAGE_TARNAME "tktable"
| #define PACKAGE_VERSION "2.10"
| #define PACKAGE_STRING "Tktable 2.10"
| #define PACKAGE_BUGREPORT ""
| #define STDC_HEADERS 1
| #define HAVE_SYS_TYPES_H 1
| #define HAVE_SYS_STAT_H 1
| #define HAVE_STDLIB_H 1
| #define HAVE_STRING_H 1
| #define HAVE_MEMORY_H 1
| #define HAVE_STRINGS_H 1
| #define HAVE_INTTYPES_H 1
| #define HAVE_STDINT_H 1
| #define HAVE_UNISTD_H 1
| /* end confdefs.h.  */
| #include <sys/types.h>
| #include <sys/param.h>
| 
| int
| main ()
| {
| #if BYTE_ORDER != BIG_ENDIAN
|  not big endian
| #endif
| 
|   ;
|   return 0;
| }
configure:3874: result: no
configure:6469: checking for Tcl public headers
configure:6543: result: /usr/include
configure:6556: checking for Tk public headers
configure:6629: result: /usr/include
configure:6643: checking for X11 header files
configure:6650: result: H:\cgwin\usr\include
configure:7576: checking for building with threads
configure:7584: result: yes (default)
configure:7625: checking how to build libraries
configure:7643: result: shared
configure:7670: checking if 64bit support is requested
configure:7679: result: no
configure:7684: checking if 64bit Sparc VIS support is requested
configure:7693: result: no
configure:7704: checking if compiler supports visibility "hidden"
configure:7729: gcc -o conftest.exe  -pipe -Werror   conftest.c  >&5
conftest.c: In function 'f':
conftest.c:23:6: error: visibility attribute not supported in this configuration; ignored [-Werror=attributes]
      void f(void) {}
      ^~~~
cc1: all warnings being treated as errors
configure:7735: $? = 1
configure: failed program was:
| /* confdefs.h.  */
| 
| #define PACKAGE_NAME "Tktable"
| #define PACKAGE_TARNAME "tktable"
| #define PACKAGE_VERSION "2.10"
| #define PACKAGE_STRING "Tktable 2.10"
| #define PACKAGE_BUGREPORT ""
| #define STDC_HEADERS 1
| #define HAVE_SYS_TYPES_H 1
| #define HAVE_SYS_STAT_H 1
| #define HAVE_STDLIB_H 1
| #define HAVE_STRING_H 1
| #define HAVE_MEMORY_H 1
| #define HAVE_STRINGS_H 1
| #define HAVE_INTTYPES_H 1
| #define HAVE_STDINT_H 1
| #define HAVE_UNISTD_H 1
| #define BUILD_Tktable 1
| #define TCL_THREADS 1
| /* end confdefs.h.  */
| 
| 	    extern __attribute__((__visibility__("hidden"))) void f(void);
| 	    void f(void) {}
| int
| main ()
| {
| f();
|   ;
|   return 0;
| }
configure:7761: result: no
configure:7776: checking if rpath support is requested
configure:7785: result: yes
configure:7792: checking if Windows/CE build is requested
configure:7801: result: no
configure:7811: checking system version
configure:7842: result: windows
configure:7850: checking for dlopen in -ldl
configure:7880: gcc -o conftest.exe  -pipe   conftest.c -ldl   >&5
configure:7886: $? = 0
configure:7890: test -z 
			 || test ! -s conftest.err
configure:7893: $? = 0
configure:7896: test -s conftest.exe
configure:7899: $? = 0
configure:7912: result: yes
configure:7958: checking for ar
configure:7974: found /usr/bin/ar
configure:7984: result: ar
configure:10163: checking for required early compiler flags
configure:10186: gcc -c  -pipe  conftest.c >&5
configure:10192: $? = 0
configure:10196: test -z 
			 || test ! -s conftest.err
configure:10199: $? = 0
configure:10202: test -s conftest.o
configure:10205: $? = 0
configure:10291: gcc -c  -pipe  conftest.c >&5
conftest.c: In function 'main':
conftest.c:25:15: error: storage size of 'buf' isn't known
 struct stat64 buf; int i = stat64("/", &buf);
               ^~~
conftest.c:25:28: warning: implicit declaration of function 'stat64'; did you mean 'stat'? [-Wimplicit-function-declaration]
 struct stat64 buf; int i = stat64("/", &buf);
                            ^~~~~~
                            stat
configure:10297: $? = 1
configure: failed program was:
| /* confdefs.h.  */
| 
| #define PACKAGE_NAME "Tktable"
| #define PACKAGE_TARNAME "tktable"
| #define PACKAGE_VERSION "2.10"
| #define PACKAGE_STRING "Tktable 2.10"
| #define PACKAGE_BUGREPORT ""
| #define STDC_HEADERS 1
| #define HAVE_SYS_TYPES_H 1
| #define HAVE_SYS_STAT_H 1
| #define HAVE_STDLIB_H 1
| #define HAVE_STRING_H 1
| #define HAVE_MEMORY_H 1
| #define HAVE_STRINGS_H 1
| #define HAVE_INTTYPES_H 1
| #define HAVE_STDINT_H 1
| #define HAVE_UNISTD_H 1
| #define BUILD_Tktable 1
| #define TCL_THREADS 1
| /* end confdefs.h.  */
| #include <sys/stat.h>
| int
| main ()
| {
| struct stat64 buf; int i = stat64("/", &buf);
|   ;
|   return 0;
| }
configure:10334: gcc -c  -pipe  conftest.c >&5
conftest.c: In function 'main':
conftest.c:26:15: error: storage size of 'buf' isn't known
 struct stat64 buf; int i = stat64("/", &buf);
               ^~~
conftest.c:26:28: warning: implicit declaration of function 'stat64'; did you mean 'stat'? [-Wimplicit-function-declaration]
 struct stat64 buf; int i = stat64("/", &buf);
                            ^~~~~~
                            stat
configure:10340: $? = 1
configure: failed program was:
| /* confdefs.h.  */
| 
| #define PACKAGE_NAME "Tktable"
| #define PACKAGE_TARNAME "tktable"
| #define PACKAGE_VERSION "2.10"
| #define PACKAGE_STRING "Tktable 2.10"
| #define PACKAGE_BUGREPORT ""
| #define STDC_HEADERS 1
| #define HAVE_SYS_TYPES_H 1
| #define HAVE_SYS_STAT_H 1
| #define HAVE_STDLIB_H 1
| #define HAVE_STRING_H 1
| #define HAVE_MEMORY_H 1
| #define HAVE_STRINGS_H 1
| #define HAVE_INTTYPES_H 1
| #define HAVE_STDINT_H 1
| #define HAVE_UNISTD_H 1
| #define BUILD_Tktable 1
| #define TCL_THREADS 1
| /* end confdefs.h.  */
| #define _LARGEFILE64_SOURCE 1
| #include <sys/stat.h>
| int
| main ()
| {
| struct stat64 buf; int i = stat64("/", &buf);
|   ;
|   return 0;
| }
configure:10396: gcc -c  -pipe  conftest.c >&5
conftest.c: In function 'main':
conftest.c:25:19: error: 'open64' undeclared (first use in this function)
 char *p = (char *)open64;
                   ^~~~~~
conftest.c:25:19: note: each undeclared identifier is reported only once for each function it appears in
configure:10402: $? = 1
configure: failed program was:
| /* confdefs.h.  */
| 
| #define PACKAGE_NAME "Tktable"
| #define PACKAGE_TARNAME "tktable"
| #define PACKAGE_VERSION "2.10"
| #define PACKAGE_STRING "Tktable 2.10"
| #define PACKAGE_BUGREPORT ""
| #define STDC_HEADERS 1
| #define HAVE_SYS_TYPES_H 1
| #define HAVE_SYS_STAT_H 1
| #define HAVE_STDLIB_H 1
| #define HAVE_STRING_H 1
| #define HAVE_MEMORY_H 1
| #define HAVE_STRINGS_H 1
| #define HAVE_INTTYPES_H 1
| #define HAVE_STDINT_H 1
| #define HAVE_UNISTD_H 1
| #define BUILD_Tktable 1
| #define TCL_THREADS 1
| /* end confdefs.h.  */
| #include <sys/stat.h>
| int
| main ()
| {
| char *p = (char *)open64;
|   ;
|   return 0;
| }
configure:10439: gcc -c  -pipe  conftest.c >&5
conftest.c: In function 'main':
conftest.c:26:19: error: 'open64' undeclared (first use in this function)
 char *p = (char *)open64;
                   ^~~~~~
conftest.c:26:19: note: each undeclared identifier is reported only once for each function it appears in
configure:10445: $? = 1
configure: failed program was:
| /* confdefs.h.  */
| 
| #define PACKAGE_NAME "Tktable"
| #define PACKAGE_TARNAME "tktable"
| #define PACKAGE_VERSION "2.10"
| #define PACKAGE_STRING "Tktable 2.10"
| #define PACKAGE_BUGREPORT ""
| #define STDC_HEADERS 1
| #define HAVE_SYS_TYPES_H 1
| #define HAVE_SYS_STAT_H 1
| #define HAVE_STDLIB_H 1
| #define HAVE_STRING_H 1
| #define HAVE_MEMORY_H 1
| #define HAVE_STRINGS_H 1
| #define HAVE_INTTYPES_H 1
| #define HAVE_STDINT_H 1
| #define HAVE_UNISTD_H 1
| #define BUILD_Tktable 1
| #define TCL_THREADS 1
| /* end confdefs.h.  */
| #define _LARGEFILE_SOURCE64 1
| #include <sys/stat.h>
| int
| main ()
| {
| char *p = (char *)open64;
|   ;
|   return 0;
| }
configure:10482: result: none
configure:10490: checking for 64-bit integer type
configure:10514: gcc -c  -pipe  conftest.c >&5
conftest.c: In function 'main':
conftest.c:25:1: error: unknown type name '__int64'; did you mean '__int128'?
 __int64 value = (__int64) 0;
 ^~~~~~~
 __int128
conftest.c:25:18: error: '__int64' undeclared (first use in this function); did you mean '__int128'?
 __int64 value = (__int64) 0;
                  ^~~~~~~
                  __int128
conftest.c:25:18: note: each undeclared identifier is reported only once for each function it appears in
conftest.c:25:27: error: expected ',' or ';' before numeric constant
 __int64 value = (__int64) 0;
                           ^
configure:10520: $? = 1
configure: failed program was:
| /* confdefs.h.  */
| 
| #define PACKAGE_NAME "Tktable"
| #define PACKAGE_TARNAME "tktable"
| #define PACKAGE_VERSION "2.10"
| #define PACKAGE_STRING "Tktable 2.10"
| #define PACKAGE_BUGREPORT ""
| #define STDC_HEADERS 1
| #define HAVE_SYS_TYPES_H 1
| #define HAVE_SYS_STAT_H 1
| #define HAVE_STDLIB_H 1
| #define HAVE_STRING_H 1
| #define HAVE_MEMORY_H 1
| #define HAVE_STRINGS_H 1
| #define HAVE_INTTYPES_H 1
| #define HAVE_STDINT_H 1
| #define HAVE_UNISTD_H 1
| #define BUILD_Tktable 1
| #define TCL_THREADS 1
| /* end confdefs.h.  */
| 
| int
| main ()
| {
| __int64 value = (__int64) 0;
|   ;
|   return 0;
| }
configure:10564: gcc -c  -pipe  conftest.c >&5
conftest.c: In function 'main':
conftest.c:26:21: error: duplicate case value
             case 1: case (sizeof(long long)==sizeof(long)): ;
                     ^~~~
conftest.c:26:13: note: previously used here
             case 1: case (sizeof(long long)==sizeof(long)): ;
             ^~~~
configure:10570: $? = 1
configure: failed program was:
| /* confdefs.h.  */
| 
| #define PACKAGE_NAME "Tktable"
| #define PACKAGE_TARNAME "tktable"
| #define PACKAGE_VERSION "2.10"
| #define PACKAGE_STRING "Tktable 2.10"
| #define PACKAGE_BUGREPORT ""
| #define STDC_HEADERS 1
| #define HAVE_SYS_TYPES_H 1
| #define HAVE_SYS_STAT_H 1
| #define HAVE_STDLIB_H 1
| #define HAVE_STRING_H 1
| #define HAVE_MEMORY_H 1
| #define HAVE_STRINGS_H 1
| #define HAVE_INTTYPES_H 1
| #define HAVE_STDINT_H 1
| #define HAVE_UNISTD_H 1
| #define BUILD_Tktable 1
| #define TCL_THREADS 1
| /* end confdefs.h.  */
| 
| int
| main ()
| {
| switch (0) {
|             case 1: case (sizeof(long long)==sizeof(long)): ;
|         }
|   ;
|   return 0;
| }
configure:10600: result: using long
configure:10926: checking for build with symbols
configure:10939: result: no
configure:11080: checking for tclsh
configure:11107: result: tclsh86.exe
configure:11112: checking for wish
configure:11139: result: wish86.exe
configure:11276: creating ./config.status

## ---------------------- ##
## Running config.status. ##
## ---------------------- ##

This file was extended by Tktable config.status 2.10, which was
generated by GNU Autoconf 2.59.  Invocation command line was

  CONFIG_FILES    = 
  CONFIG_HEADERS  = 
  CONFIG_LINKS    = 
  CONFIG_COMMANDS = 
  $ ./config.status 

on MSI

config.status:708: creating Makefile

## ---------------- ##
## Cache variables. ##
## ---------------- ##

ac_cv_c_bigendian=no
ac_cv_c_compiler_gnu=yes
ac_cv_c_tclconfig=/usr/lib
ac_cv_c_tclh=/usr/include
ac_cv_c_tkconfig=/usr/lib
ac_cv_c_tkh=/usr/include
ac_cv_env_CC_set=
ac_cv_env_CC_value=
ac_cv_env_CFLAGS_set=
ac_cv_env_CFLAGS_value=
ac_cv_env_CPPFLAGS_set=
ac_cv_env_CPPFLAGS_value=
ac_cv_env_CPP_set=
ac_cv_env_CPP_value=
ac_cv_env_LDFLAGS_set=
ac_cv_env_LDFLAGS_value=
ac_cv_env_build_alias_set=
ac_cv_env_build_alias_value=
ac_cv_env_host_alias_set=
ac_cv_env_host_alias_value=
ac_cv_env_target_alias_set=
ac_cv_env_target_alias_value=
ac_cv_exeext=.exe
ac_cv_header_inttypes_h=yes
ac_cv_header_memory_h=yes
ac_cv_header_stdc=yes
ac_cv_header_stdint_h=yes
ac_cv_header_stdlib_h=yes
ac_cv_header_string_h=yes
ac_cv_header_strings_h=yes
ac_cv_header_sys_stat_h=yes
ac_cv_header_sys_types_h=yes
ac_cv_header_unistd_h=yes
ac_cv_lib_dl_dlopen=yes
ac_cv_objext=o
ac_cv_path_install='/usr/bin/install -c'
ac_cv_prog_AR=ar
ac_cv_prog_CPP='gcc -E'
ac_cv_prog_CYGPATH='cygpath -w'
ac_cv_prog_ac_ct_CC=gcc
ac_cv_prog_ac_ct_RANLIB=ranlib
ac_cv_prog_cc_g=yes
ac_cv_prog_cc_stdc=
ac_cv_prog_egrep='grep -E'
ac_cv_prog_make_make_set=yes
tcl_cv_cc_pipe=yes
tcl_cv_cc_visibility_hidden=no
tcl_cv_flag__isoc99_source=no
tcl_cv_flag__largefile64_source=no
tcl_cv_flag__largefile_source64=no
tcl_cv_sys_version=windows
tcl_cv_type_64bit=none

## ----------------- ##
## Output variables. ##
## ----------------- ##

AR='ar'
CC='gcc'
CELIB_DIR=''
CFLAGS=' -pipe ${CFLAGS_DEFAULT} ${CFLAGS_WARNING} ${SHLIB_CFLAGS} '
CFLAGS_DEBUG='-g'
CFLAGS_DEFAULT='-O2 -fomit-frame-pointer'
CFLAGS_OPTIMIZE='-O2 -fomit-frame-pointer'
CFLAGS_WARNING='-Wall -Wno-implicit-int'
CLEANFILES='pkgIndex.tcl tkTable.tcl.h *.lib *.dll *.exp *.ilk *.pdb *.pch'
CPP='gcc -E'
CPPFLAGS=''
CYGPATH='cygpath -w'
DEFS='-DPACKAGE_NAME=\"Tktable\" -DPACKAGE_TARNAME=\"tktable\" -DPACKAGE_VERSION=\"2.10\" -DPACKAGE_STRING=\"Tktable\ 2.10\" -DPACKAGE_BUGREPORT=\"\" -DSTDC_HEADERS=1 -DHAVE_SYS_TYPES_H=1 -DHAVE_SYS_STAT_H=1 -DHAVE_STDLIB_H=1 -DHAVE_STRING_H=1 -DHAVE_MEMORY_H=1 -DHAVE_STRINGS_H=1 -DHAVE_INTTYPES_H=1 -DHAVE_STDINT_H=1 -DHAVE_UNISTD_H=1 -DBUILD_Tktable=1 -DTCL_THREADS=1 -DTCL_WIDE_INT_IS_LONG=1 -DUSE_TCL_STUBS=1 -DUSE_TK_STUBS=1 '
DL_LIBS=''
ECHO_C=''
ECHO_N='-n'
ECHO_T=''
EGREP='grep -E'
EXEEXT='.exe'
INSTALL_DATA='${INSTALL} -m 644'
INSTALL_PROGRAM='${INSTALL}'
INSTALL_SCRIPT='${INSTALL}'
LDFLAGS=' '
LDFLAGS_DEFAULT=''
LD_LIBRARY_PATH_VAR='LD_LIBRARY_PATH'
LIBOBJS=''
LIBS=''
LTLIBOBJS=''
MAKE_LIB='${SHLIB_LD} -o $@ $(PKG_OBJECTS) ${SHLIB_LD_LIBS} '
MAKE_SHARED_LIB='${SHLIB_LD} -o $@ $(PKG_OBJECTS) ${SHLIB_LD_LIBS}'
MAKE_STATIC_LIB='${STLIB_LD} $@ $(PKG_OBJECTS)'
MAKE_STUB_LIB='${STLIB_LD} $@ $(PKG_STUB_OBJECTS)'
MATH_LIBS=''
OBJEXT='o'
PACKAGE_BUGREPORT=''
PACKAGE_NAME='Tktable'
PACKAGE_STRING='Tktable 2.10'
PACKAGE_TARNAME='tktable'
PACKAGE_VERSION='2.10'
PATH_SEPARATOR=':'
PKG_CFLAGS=' '
PKG_HEADERS=''
PKG_INCLUDES=' -I. -I"generic"'
PKG_LIBS=' -lgdi32 -luser32'
PKG_LIB_FILE='Tktable210.dll'
PKG_OBJECTS=' tkTable.o tkTableWin.o tkTableTag.o tkTableEdit.o tkTableCell.o tkTableCellSort.o tkTableCmds.o tkTableUtil.o'
PKG_SOURCES=' tkTable.c tkTableWin.c tkTableTag.c tkTableEdit.c tkTableCell.c tkTableCellSort.c tkTableCmds.c tkTableUtil.c'
PKG_STUB_LIB_FILE='libTktablestub210.a'
PKG_STUB_OBJECTS=''
PKG_STUB_SOURCES=''
PKG_TCL_SOURCES=' library/tkTable.tcl library/tktable.py'
RANLIB=':'
RANLIB_STUB=':'
SET_MAKE=''
SHARED_BUILD='1'
SHELL='/bin/sh'
SHLIB_CFLAGS='-fPIC'
SHLIB_LD='gcc -shared'
SHLIB_LD_LIBS='${LIBS} "H:\cgwin\lib\libtclstub8.6.a" "H:\cgwin\lib\libtkstub8.6.a"'
STLIB_LD='${AR} cr'
TCLSH_PROG='tclsh86.exe'
TCL_BIN_DIR='/usr/lib'
TCL_DBGX=''
TCL_DEFS='-DPACKAGE_NAME=\"tcl\" -DPACKAGE_TARNAME=\"tcl\" -DPACKAGE_VERSION=\"8.6\" -DPACKAGE_STRING=\"tcl\ 8.6\" -DPACKAGE_BUGREPORT=\"\" -DPACKAGE_URL=\"\" -DSTDC_HEADERS=1 -DHAVE_SYS_TYPES_H=1 -DHAVE_SYS_STAT_H=1 -DHAVE_STDLIB_H=1 -DHAVE_STRING_H=1 -DHAVE_MEMORY_H=1 -DHAVE_STRINGS_H=1 -DHAVE_INTTYPES_H=1 -DHAVE_STDINT_H=1 -DHAVE_UNISTD_H=1 -DNO_VALUES_H=1 -DHAVE_SYS_PARAM_H=1 -DUSE_THREAD_ALLOC=1 -D_REENTRANT=1 -D_THREAD_SAFE=1 -DHAVE_PTHREAD_ATTR_SETSTACKSIZE=1 -DHAVE_PTHREAD_ATFORK=1 -DTCL_THREADS=1 -DTCL_CFGVAL_ENCODING=\"iso8859-1\" -DHAVE_ZLIB=1 -DMODULE_SCOPE=extern -DHAVE_CAST_TO_UNION=1 -DTCL_SHLIB_EXT=\".dll\" -DNDEBUG=1 -DTCL_CFG_OPTIMIZED=1 -DTCL_TOMMATH=1 -DMP_PREC=4 -DTCL_WIDE_INT_IS_LONG=1 -DHAVE_GETCWD=1 -DHAVE_MKSTEMP=1 -DHAVE_OPENDIR=1 -DHAVE_STRTOL=1 -DHAVE_WAITPID=1 -DHAVE_GETNAMEINFO=1 -DHAVE_GETADDRINFO=1 -DHAVE_FREEADDRINFO=1 -DHAVE_GAI_STRERROR=1 -DHAVE_STRUCT_ADDRINFO=1 -DHAVE_STRUCT_IN6_ADDR=1 -DHAVE_STRUCT_SOCKADDR_IN6=1 -DHAVE_STRUCT_SOCKADDR_STORAGE=1 -DHAVE_GETPWUID_R_5=1 -DHAVE_GETPWUID_R=1 -DHAVE_GETPWNAM_R_5=1 -DHAVE_GETPWNAM_R=1 -DHAVE_GETGRGID_R_5=1 -DHAVE_GETGRGID_R=1 -DHAVE_GETGRNAM_R_5=1 -DHAVE_GETGRNAM_R=1 -DHAVE_TERMIOS_H=1 -DHAVE_SYS_IOCTL_H=1 -DHAVE_SYS_TIME_H=1 -DTIME_WITH_SYS_TIME=1 -DHAVE_GMTIME_R=1 -DHAVE_LOCALTIME_R=1 -DHAVE_MKTIME=1 -DHAVE_TM_GMTOFF=1 -DHAVE_TIMEZONE_VAR=1 -DHAVE_STRUCT_STAT_ST_BLOCKS=1 -DHAVE_STRUCT_STAT_ST_BLKSIZE=1 -DHAVE_BLKCNT_T=1 -DHAVE_INTPTR_T=1 -DHAVE_UINTPTR_T=1 -DHAVE_SIGNED_CHAR=1 -DHAVE_LANGINFO=1 -DHAVE_MKSTEMPS=1 -DHAVE_FTS=1 -DHAVE_SYS_IOCTL_H=1 -DTCL_UNLOAD_DLLS=1 -DHAVE_CPUID=1'
TCL_EXTRA_CFLAGS='-ggdb -O2 -pipe -Wimplicit-function-declaration -fdebug-prefix-map=/usr/src/ports/tcl/tcl-8.6.8-1.x86_64/build=/usr/src/debug/tcl-8.6.8-1 -fdebug-prefix-map=/usr/src/ports/tcl/tcl-8.6.8-1.x86_64/src/tcl8.6.8=/usr/src/debug/tcl-8.6.8-1 -pipe '
TCL_INCLUDES='-I"H:\cgwin\usr\include"'
TCL_LD_FLAGS=' '
TCL_LIBS='-ldl -lz  -lpthread '
TCL_LIB_FILE='libtcl8.6.dll'
TCL_LIB_FLAG='-ltcl8.6'
TCL_LIB_SPEC='-L/usr/lib -ltcl8.6'
TCL_SHLIB_LD_LIBS='${LIBS} -Wl,--out-implib,$@.a'
TCL_SRC_DIR='/usr/include/tcl8.6'
TCL_STUB_LIB_FILE='libtclstub8.6.a'
TCL_STUB_LIB_FLAG='-ltclstub8.6'
TCL_STUB_LIB_SPEC='-Wl,-ltclstub8.6'
TCL_THREADS='1'
TCL_VERSION='8.6'
TK_BIN_DIR='/usr/lib'
TK_INCLUDES='-I"H:\cgwin\usr\include"'
TK_LIBS='-lX11 -lXss -lXext -lXft -lfontconfig  -lpthread -ldl -lz  -lpthread '
TK_LIB_FILE='libtk8.6.dll'
TK_LIB_FLAG='-ltk8.6'
TK_LIB_SPEC='-L/usr/lib -ltk8.6'
TK_SRC_DIR='/usr/include/tcl8.6'
TK_STUB_LIB_FILE='libtkstub8.6.a'
TK_STUB_LIB_FLAG='-ltkstub8.6'
TK_STUB_LIB_SPEC='-Wl,-ltkstub8.6'
TK_VERSION='8.6'
TK_XINCLUDES=''
WISH_PROG='wish86.exe'
ac_ct_CC='gcc'
ac_ct_RANLIB='ranlib'
bindir='${exec_prefix}/bin'
build_alias=''
datadir='${prefix}/share'
exec_prefix='/usr'
host_alias=''
includedir='${prefix}/include'
infodir='${prefix}/info'
libdir='${exec_prefix}/lib'
libexecdir='${exec_prefix}/libexec'
localstatedir='${prefix}/var'
mandir='${prefix}/man'
oldincludedir='/usr/include'
prefix='/usr'
program_transform_name='s,x,x,'
sbindir='${exec_prefix}/sbin'
sharedstatedir='${prefix}/com'
sysconfdir='${prefix}/etc'
target_alias=''

## ----------- ##
## confdefs.h. ##
## ----------- ##

#define BUILD_Tktable 1
#define HAVE_INTTYPES_H 1
#define HAVE_MEMORY_H 1
#define HAVE_STDINT_H 1
#define HAVE_STDLIB_H 1
#define HAVE_STRINGS_H 1
#define HAVE_STRING_H 1
#define HAVE_SYS_STAT_H 1
#define HAVE_SYS_TYPES_H 1
#define HAVE_UNISTD_H 1
#define PACKAGE_BUGREPORT ""
#define PACKAGE_NAME "Tktable"
#define PACKAGE_STRING "Tktable 2.10"
#define PACKAGE_TARNAME "tktable"
#define PACKAGE_VERSION "2.10"
#define STDC_HEADERS 1
#define TCL_THREADS 1
#define TCL_WIDE_INT_IS_LONG 1
#define USE_TCL_STUBS 1
#define USE_TK_STUBS 1

configure: exit 0
